Error Nr. 5
At: 2017-06-11 10:43:03
in: NB::NB_Texture::NB_Texture
Texture loading fail: 
------------------------------------------------------------------------------------
------------------------------------------------------------------------------------

Error Nr. 4
At: 2017-06-11 10:43:03
in: NB::NB_Texture::NB_Texture
Texture loading fail: 
------------------------------------------------------------------------------------
------------------------------------------------------------------------------------

Error Nr. 3
At: 2017-06-11 10:43:02
in: NB::NB_Texture::NB_Texture
Texture loading fail: 
------------------------------------------------------------------------------------
------------------------------------------------------------------------------------

Error Nr. 2
At: 2017-06-11 10:43:02
in: NB::NB_Texture::NB_Texture
Texture loading fail: 
------------------------------------------------------------------------------------
------------------------------------------------------------------------------------

Error Nr. 1
At: 2017-06-11 10:43:02
in: NB::NB_Texture::NB_Texture
Texture loading fail: 
------------------------------------------------------------------------------------
------------------------------------------------------------------------------------

Error Nr. 0
At: 2017-06-11 10:43:02
in: NB::NB_Texture::NB_Texture
Texture loading fail: 
------------------------------------------------------------------------------------
------------------------------------------------------------------------------------

