Error Nr. 0
At: 2017-05-10 10:27:43
in: main()
Test_Error
------------------------------------------------------------------------------------
------------------------------------------------------------------------------------

Error Nr. 1
At: 2017-05-10 10:27:43
in: main()
Test_Error
------------------------------------------------------------------------------------
------------------------------------------------------------------------------------

Error Nr. 2
At: 2017-05-10 10:27:43
in: main()
Test_Error
------------------------------------------------------------------------------------
------------------------------------------------------------------------------------

Error Nr. 3
At: 2017-05-10 10:27:43
in: main()
Test_Error
------------------------------------------------------------------------------------
------------------------------------------------------------------------------------

Error Nr. 4
At: 2017-05-10 10:27:43
in: main()
Test_Error
------------------------------------------------------------------------------------
------------------------------------------------------------------------------------

Error Nr. 5
At: 2017-05-10 10:27:43
in: main()
Test_Error
------------------------------------------------------------------------------------
------------------------------------------------------------------------------------

Error Nr. 6
At: 2017-05-10 10:27:43
in: main()
Test_Error
------------------------------------------------------------------------------------
------------------------------------------------------------------------------------

Error Nr. 7
At: 2017-05-10 10:27:43
in: main()
Test_Error
------------------------------------------------------------------------------------
------------------------------------------------------------------------------------

Error Nr. 8
At: 2017-05-10 10:27:43
in: main()
Test_Error
------------------------------------------------------------------------------------
------------------------------------------------------------------------------------

Error Nr. 9
At: 2017-05-10 10:27:43
in: main()
Test_Error
------------------------------------------------------------------------------------
------------------------------------------------------------------------------------

Error Nr. 10
At: 2017-05-10 10:27:43
in: main()
Test_Error
------------------------------------------------------------------------------------
------------------------------------------------------------------------------------

Error Nr. 11
At: 2017-05-10 10:27:43
in: main()
Test_Error
------------------------------------------------------------------------------------
------------------------------------------------------------------------------------

Error Nr. 12
At: 2017-05-10 10:27:43
in: main()
Test_Error
------------------------------------------------------------------------------------
------------------------------------------------------------------------------------

Error Nr. 13
At: 2017-05-10 10:27:43
in: main()
Test_Error
------------------------------------------------------------------------------------
------------------------------------------------------------------------------------

Error Nr. 14
At: 2017-05-10 10:27:43
in: main()
Test_Error
------------------------------------------------------------------------------------
------------------------------------------------------------------------------------

Error Nr. 15
At: 2017-05-10 10:27:43
in: main()
Test_Error
------------------------------------------------------------------------------------
------------------------------------------------------------------------------------

Error Nr. 16
At: 2017-05-10 10:27:43
in: main()
Test_Error
------------------------------------------------------------------------------------
------------------------------------------------------------------------------------

Error Nr. 17
At: 2017-05-10 10:27:43
in: main()
Test_Error
------------------------------------------------------------------------------------
------------------------------------------------------------------------------------

Error Nr. 18
At: 2017-05-10 10:27:43
in: main()
Test_Error
------------------------------------------------------------------------------------
------------------------------------------------------------------------------------

Error Nr. 19
At: 2017-05-10 10:27:43
in: main()
Test_Error
------------------------------------------------------------------------------------
------------------------------------------------------------------------------------

Error Nr. 0
At: 2017-05-10 10:36:00
in: main()
Test_Error
------------------------------------------------------------------------------------
------------------------------------------------------------------------------------

Error Nr. 1
At: 2017-05-10 10:36:00
in: main()
Test_Error
------------------------------------------------------------------------------------
------------------------------------------------------------------------------------

Error Nr. 2
At: 2017-05-10 10:36:00
in: main()
Test_Error
------------------------------------------------------------------------------------
------------------------------------------------------------------------------------

Error Nr. 3
At: 2017-05-10 10:36:00
in: main()
Test_Error
------------------------------------------------------------------------------------
------------------------------------------------------------------------------------

Error Nr. 4
At: 2017-05-10 10:36:00
in: main()
Test_Error
------------------------------------------------------------------------------------
------------------------------------------------------------------------------------

Error Nr. 5
At: 2017-05-10 10:36:00
in: main()
Test_Error
------------------------------------------------------------------------------------
------------------------------------------------------------------------------------

Error Nr. 6
At: 2017-05-10 10:36:00
in: main()
Test_Error
------------------------------------------------------------------------------------
------------------------------------------------------------------------------------

Error Nr. 7
At: 2017-05-10 10:36:00
in: main()
Test_Error
------------------------------------------------------------------------------------
------------------------------------------------------------------------------------

Error Nr. 8
At: 2017-05-10 10:36:00
in: main()
Test_Error
------------------------------------------------------------------------------------
------------------------------------------------------------------------------------

Error Nr. 9
At: 2017-05-10 10:36:00
in: main()
Test_Error
------------------------------------------------------------------------------------
------------------------------------------------------------------------------------

Error Nr. 10
At: 2017-05-10 10:36:00
in: main()
Test_Error
------------------------------------------------------------------------------------
------------------------------------------------------------------------------------

Error Nr. 11
At: 2017-05-10 10:36:00
in: main()
Test_Error
------------------------------------------------------------------------------------
------------------------------------------------------------------------------------

Error Nr. 12
At: 2017-05-10 10:36:00
in: main()
Test_Error
------------------------------------------------------------------------------------
------------------------------------------------------------------------------------

Error Nr. 13
At: 2017-05-10 10:36:00
in: main()
Test_Error
------------------------------------------------------------------------------------
------------------------------------------------------------------------------------

Error Nr. 14
At: 2017-05-10 10:36:00
in: main()
Test_Error
------------------------------------------------------------------------------------
------------------------------------------------------------------------------------

Error Nr. 15
At: 2017-05-10 10:36:00
in: main()
Test_Error
------------------------------------------------------------------------------------
------------------------------------------------------------------------------------

Error Nr. 16
At: 2017-05-10 10:36:00
in: main()
Test_Error
------------------------------------------------------------------------------------
------------------------------------------------------------------------------------

Error Nr. 17
At: 2017-05-10 10:36:00
in: main()
Test_Error
------------------------------------------------------------------------------------
------------------------------------------------------------------------------------

Error Nr. 18
At: 2017-05-10 10:36:00
in: main()
Test_Error
------------------------------------------------------------------------------------
------------------------------------------------------------------------------------

Error Nr. 19
At: 2017-05-10 10:36:00
in: main()
Test_Error
------------------------------------------------------------------------------------
------------------------------------------------------------------------------------

Error Nr. 0
At: 2017-05-10 10:38:23
in: main()
Test_Error
------------------------------------------------------------------------------------
------------------------------------------------------------------------------------

Error Nr. 0
At: 2017-05-10 10:40:23
in: main()
Test_Error
------------------------------------------------------------------------------------
------------------------------------------------------------------------------------

Error Nr. 1
At: 2017-05-10 10:40:23
in: main()
Test_Error
------------------------------------------------------------------------------------
------------------------------------------------------------------------------------

Error Nr. 2
At: 2017-05-10 10:40:23
in: main()
Test_Error
------------------------------------------------------------------------------------
------------------------------------------------------------------------------------

Error Nr. 3
At: 2017-05-10 10:40:23
in: main()
Test_Error
------------------------------------------------------------------------------------
------------------------------------------------------------------------------------

Error Nr. 4
At: 2017-05-10 10:40:23
in: main()
Test_Error
------------------------------------------------------------------------------------
------------------------------------------------------------------------------------

Error Nr. 5
At: 2017-05-10 10:40:23
in: main()
Test_Error
------------------------------------------------------------------------------------
------------------------------------------------------------------------------------

Error Nr. 6
At: 2017-05-10 10:40:23
in: main()
Test_Error
------------------------------------------------------------------------------------
------------------------------------------------------------------------------------

Error Nr. 7
At: 2017-05-10 10:40:23
in: main()
Test_Error
------------------------------------------------------------------------------------
------------------------------------------------------------------------------------

Error Nr. 8
At: 2017-05-10 10:40:23
in: main()
Test_Error
------------------------------------------------------------------------------------
------------------------------------------------------------------------------------

Error Nr. 9
At: 2017-05-10 10:40:23
in: main()
Test_Error
------------------------------------------------------------------------------------
------------------------------------------------------------------------------------

Error Nr. 10
At: 2017-05-10 10:40:23
in: main()
Test_Error
------------------------------------------------------------------------------------
------------------------------------------------------------------------------------

Error Nr. 11
At: 2017-05-10 10:40:23
in: main()
Test_Error
------------------------------------------------------------------------------------
------------------------------------------------------------------------------------

Error Nr. 12
At: 2017-05-10 10:40:23
in: main()
Test_Error
------------------------------------------------------------------------------------
------------------------------------------------------------------------------------

Error Nr. 13
At: 2017-05-10 10:40:23
in: main()
Test_Error
------------------------------------------------------------------------------------
------------------------------------------------------------------------------------

Error Nr. 14
At: 2017-05-10 10:40:23
in: main()
Test_Error
------------------------------------------------------------------------------------
------------------------------------------------------------------------------------

Error Nr. 15
At: 2017-05-10 10:40:23
in: main()
Test_Error
------------------------------------------------------------------------------------
------------------------------------------------------------------------------------

Error Nr. 16
At: 2017-05-10 10:40:23
in: main()
Test_Error
------------------------------------------------------------------------------------
------------------------------------------------------------------------------------

Error Nr. 17
At: 2017-05-10 10:40:23
in: main()
Test_Error
------------------------------------------------------------------------------------
------------------------------------------------------------------------------------

Error Nr. 18
At: 2017-05-10 10:40:23
in: main()
Test_Error
------------------------------------------------------------------------------------
------------------------------------------------------------------------------------

Error Nr. 19
At: 2017-05-10 10:40:23
in: main()
Test_Error
------------------------------------------------------------------------------------
------------------------------------------------------------------------------------

Error Nr. 0
At: 2017-05-10 10:44:22
in: main()
Test_Error
------------------------------------------------------------------------------------
------------------------------------------------------------------------------------

Error Nr. 1
At: 2017-05-10 10:44:22
in: main()
Test_Error
------------------------------------------------------------------------------------
------------------------------------------------------------------------------------

Error Nr. 2
At: 2017-05-10 10:44:22
in: main()
Test_Error
------------------------------------------------------------------------------------
------------------------------------------------------------------------------------

Error Nr. 3
At: 2017-05-10 10:44:22
in: main()
Test_Error
------------------------------------------------------------------------------------
------------------------------------------------------------------------------------

Error Nr. 4
At: 2017-05-10 10:44:22
in: main()
Test_Error
------------------------------------------------------------------------------------
------------------------------------------------------------------------------------

Error Nr. 5
At: 2017-05-10 10:44:22
in: main()
Test_Error
------------------------------------------------------------------------------------
------------------------------------------------------------------------------------

Error Nr. 6
At: 2017-05-10 10:44:22
in: main()
Test_Error
------------------------------------------------------------------------------------
------------------------------------------------------------------------------------

Error Nr. 7
At: 2017-05-10 10:44:22
in: main()
Test_Error
------------------------------------------------------------------------------------
------------------------------------------------------------------------------------

Error Nr. 8
At: 2017-05-10 10:44:22
in: main()
Test_Error
------------------------------------------------------------------------------------
------------------------------------------------------------------------------------

Error Nr. 9
At: 2017-05-10 10:44:22
in: main()
Test_Error
------------------------------------------------------------------------------------
------------------------------------------------------------------------------------

Error Nr. 10
At: 2017-05-10 10:44:22
in: main()
Test_Error
------------------------------------------------------------------------------------
------------------------------------------------------------------------------------

Error Nr. 11
At: 2017-05-10 10:44:22
in: main()
Test_Error
------------------------------------------------------------------------------------
------------------------------------------------------------------------------------

Error Nr. 12
At: 2017-05-10 10:44:22
in: main()
Test_Error
------------------------------------------------------------------------------------
------------------------------------------------------------------------------------

Error Nr. 13
At: 2017-05-10 10:44:22
in: main()
Test_Error
------------------------------------------------------------------------------------
------------------------------------------------------------------------------------

Error Nr. 14
At: 2017-05-10 10:44:22
in: main()
Test_Error
------------------------------------------------------------------------------------
------------------------------------------------------------------------------------

Error Nr. 15
At: 2017-05-10 10:44:22
in: main()
Test_Error
------------------------------------------------------------------------------------
------------------------------------------------------------------------------------

Error Nr. 16
At: 2017-05-10 10:44:22
in: main()
Test_Error
------------------------------------------------------------------------------------
------------------------------------------------------------------------------------

Error Nr. 17
At: 2017-05-10 10:44:22
in: main()
Test_Error
------------------------------------------------------------------------------------
------------------------------------------------------------------------------------

Error Nr. 18
At: 2017-05-10 10:44:22
in: main()
Test_Error
------------------------------------------------------------------------------------
------------------------------------------------------------------------------------

Error Nr. 19
At: 2017-05-10 10:44:22
in: main()
Test_Error
------------------------------------------------------------------------------------
------------------------------------------------------------------------------------

Error Nr. 0
At: 2017-05-10 10:46:39
in: main()
Test_Error
------------------------------------------------------------------------------------
------------------------------------------------------------------------------------

Error Nr. 1
At: 2017-05-10 10:46:39
in: main()
Test_Error
------------------------------------------------------------------------------------
------------------------------------------------------------------------------------

Error Nr. 2
At: 2017-05-10 10:46:39
in: main()
Test_Error
------------------------------------------------------------------------------------
------------------------------------------------------------------------------------

Error Nr. 3
At: 2017-05-10 10:46:39
in: main()
Test_Error
------------------------------------------------------------------------------------
------------------------------------------------------------------------------------

Error Nr. 4
At: 2017-05-10 10:46:39
in: main()
Test_Error
------------------------------------------------------------------------------------
------------------------------------------------------------------------------------

Error Nr. 5
At: 2017-05-10 10:46:39
in: main()
Test_Error
------------------------------------------------------------------------------------
------------------------------------------------------------------------------------

Error Nr. 6
At: 2017-05-10 10:46:39
in: main()
Test_Error
------------------------------------------------------------------------------------
------------------------------------------------------------------------------------

Error Nr. 7
At: 2017-05-10 10:46:39
in: main()
Test_Error
------------------------------------------------------------------------------------
------------------------------------------------------------------------------------

Error Nr. 8
At: 2017-05-10 10:46:39
in: main()
Test_Error
------------------------------------------------------------------------------------
------------------------------------------------------------------------------------

Error Nr. 9
At: 2017-05-10 10:46:39
in: main()
Test_Error
------------------------------------------------------------------------------------
------------------------------------------------------------------------------------

Error Nr. 10
At: 2017-05-10 10:46:39
in: main()
Test_Error
------------------------------------------------------------------------------------
------------------------------------------------------------------------------------

Error Nr. 11
At: 2017-05-10 10:46:39
in: main()
Test_Error
------------------------------------------------------------------------------------
------------------------------------------------------------------------------------

Error Nr. 12
At: 2017-05-10 10:46:39
in: main()
Test_Error
------------------------------------------------------------------------------------
------------------------------------------------------------------------------------

Error Nr. 13
At: 2017-05-10 10:46:39
in: main()
Test_Error
------------------------------------------------------------------------------------
------------------------------------------------------------------------------------

Error Nr. 14
At: 2017-05-10 10:46:39
in: main()
Test_Error
------------------------------------------------------------------------------------
------------------------------------------------------------------------------------

Error Nr. 15
At: 2017-05-10 10:46:39
in: main()
Test_Error
------------------------------------------------------------------------------------
------------------------------------------------------------------------------------

Error Nr. 16
At: 2017-05-10 10:46:39
in: main()
Test_Error
------------------------------------------------------------------------------------
------------------------------------------------------------------------------------

Error Nr. 17
At: 2017-05-10 10:46:39
in: main()
Test_Error
------------------------------------------------------------------------------------
------------------------------------------------------------------------------------

Error Nr. 18
At: 2017-05-10 10:46:39
in: main()
Test_Error
------------------------------------------------------------------------------------
------------------------------------------------------------------------------------

Error Nr. 19
At: 2017-05-10 10:46:39
in: main()
Test_Error
------------------------------------------------------------------------------------
------------------------------------------------------------------------------------

Error Nr. 0
At: 2017-05-10 10:49:52
in: main()
Test_Error
------------------------------------------------------------------------------------
------------------------------------------------------------------------------------

Error Nr. 1
At: 2017-05-10 10:49:52
in: main()
Test_Error
------------------------------------------------------------------------------------
------------------------------------------------------------------------------------

Error Nr. 2
At: 2017-05-10 10:49:52
in: main()
Test_Error
------------------------------------------------------------------------------------
------------------------------------------------------------------------------------

Error Nr. 3
At: 2017-05-10 10:49:52
in: main()
Test_Error
------------------------------------------------------------------------------------
------------------------------------------------------------------------------------

Error Nr. 4
At: 2017-05-10 10:49:52
in: main()
Test_Error
------------------------------------------------------------------------------------
------------------------------------------------------------------------------------

Error Nr. 5
At: 2017-05-10 10:49:52
in: main()
Test_Error
------------------------------------------------------------------------------------
------------------------------------------------------------------------------------

Error Nr. 6
At: 2017-05-10 10:49:52
in: main()
Test_Error
------------------------------------------------------------------------------------
------------------------------------------------------------------------------------

Error Nr. 7
At: 2017-05-10 10:49:52
in: main()
Test_Error
------------------------------------------------------------------------------------
------------------------------------------------------------------------------------

Error Nr. 8
At: 2017-05-10 10:49:52
in: main()
Test_Error
------------------------------------------------------------------------------------
------------------------------------------------------------------------------------

Error Nr. 9
At: 2017-05-10 10:49:52
in: main()
Test_Error
------------------------------------------------------------------------------------
------------------------------------------------------------------------------------

Error Nr. 10
At: 2017-05-10 10:49:52
in: main()
Test_Error
------------------------------------------------------------------------------------
------------------------------------------------------------------------------------

Error Nr. 11
At: 2017-05-10 10:49:52
in: main()
Test_Error
------------------------------------------------------------------------------------
------------------------------------------------------------------------------------

Error Nr. 12
At: 2017-05-10 10:49:52
in: main()
Test_Error
------------------------------------------------------------------------------------
------------------------------------------------------------------------------------

Error Nr. 13
At: 2017-05-10 10:49:52
in: main()
Test_Error
------------------------------------------------------------------------------------
------------------------------------------------------------------------------------

Error Nr. 14
At: 2017-05-10 10:49:52
in: main()
Test_Error
------------------------------------------------------------------------------------
------------------------------------------------------------------------------------

Error Nr. 15
At: 2017-05-10 10:49:52
in: main()
Test_Error
------------------------------------------------------------------------------------
------------------------------------------------------------------------------------

Error Nr. 16
At: 2017-05-10 10:49:52
in: main()
Test_Error
------------------------------------------------------------------------------------
------------------------------------------------------------------------------------

Error Nr. 17
At: 2017-05-10 10:49:52
in: main()
Test_Error
------------------------------------------------------------------------------------
------------------------------------------------------------------------------------

Error Nr. 18
At: 2017-05-10 10:49:52
in: main()
Test_Error
------------------------------------------------------------------------------------
------------------------------------------------------------------------------------

Error Nr. 19
At: 2017-05-10 10:49:52
in: main()
Test_Error
------------------------------------------------------------------------------------
------------------------------------------------------------------------------------

Error Nr. 0
At: 2017-05-10 11:25:53
in: main()
Test_Error
------------------------------------------------------------------------------------
------------------------------------------------------------------------------------

Error Nr. 1
At: 2017-05-10 11:25:53
in: main()
Test_Error
------------------------------------------------------------------------------------
------------------------------------------------------------------------------------

Error Nr. 2
At: 2017-05-10 11:25:53
in: main()
Test_Error
------------------------------------------------------------------------------------
------------------------------------------------------------------------------------

Error Nr. 3
At: 2017-05-10 11:25:53
in: main()
Test_Error
------------------------------------------------------------------------------------
------------------------------------------------------------------------------------

Error Nr. 4
At: 2017-05-10 11:25:53
in: main()
Test_Error
------------------------------------------------------------------------------------
------------------------------------------------------------------------------------

Error Nr. 5
At: 2017-05-10 11:25:53
in: main()
Test_Error
------------------------------------------------------------------------------------
------------------------------------------------------------------------------------

Error Nr. 6
At: 2017-05-10 11:25:53
in: main()
Test_Error
------------------------------------------------------------------------------------
------------------------------------------------------------------------------------

Error Nr. 7
At: 2017-05-10 11:25:53
in: main()
Test_Error
------------------------------------------------------------------------------------
------------------------------------------------------------------------------------

Error Nr. 8
At: 2017-05-10 11:25:53
in: main()
Test_Error
------------------------------------------------------------------------------------
------------------------------------------------------------------------------------

Error Nr. 9
At: 2017-05-10 11:25:53
in: main()
Test_Error
------------------------------------------------------------------------------------
------------------------------------------------------------------------------------

Error Nr. 10
At: 2017-05-10 11:25:53
in: main()
Test_Error
------------------------------------------------------------------------------------
------------------------------------------------------------------------------------

Error Nr. 11
At: 2017-05-10 11:25:53
in: main()
Test_Error
------------------------------------------------------------------------------------
------------------------------------------------------------------------------------

Error Nr. 12
At: 2017-05-10 11:25:53
in: main()
Test_Error
------------------------------------------------------------------------------------
------------------------------------------------------------------------------------

Error Nr. 13
At: 2017-05-10 11:25:53
in: main()
Test_Error
------------------------------------------------------------------------------------
------------------------------------------------------------------------------------

Error Nr. 14
At: 2017-05-10 11:25:53
in: main()
Test_Error
------------------------------------------------------------------------------------
------------------------------------------------------------------------------------

Error Nr. 15
At: 2017-05-10 11:25:53
in: main()
Test_Error
------------------------------------------------------------------------------------
------------------------------------------------------------------------------------

Error Nr. 16
At: 2017-05-10 11:25:53
in: main()
Test_Error
------------------------------------------------------------------------------------
------------------------------------------------------------------------------------

Error Nr. 17
At: 2017-05-10 11:25:53
in: main()
Test_Error
------------------------------------------------------------------------------------
------------------------------------------------------------------------------------

Error Nr. 18
At: 2017-05-10 11:25:53
in: main()
Test_Error
------------------------------------------------------------------------------------
------------------------------------------------------------------------------------

Error Nr. 19
At: 2017-05-10 11:25:53
in: main()
Test_Error
------------------------------------------------------------------------------------
------------------------------------------------------------------------------------

Error Nr. 0
At: 2017-05-10 11:30:16
in: main()
Test_Error
------------------------------------------------------------------------------------
------------------------------------------------------------------------------------

Error Nr. 1
At: 2017-05-10 11:30:16
in: main()
Test_Error
------------------------------------------------------------------------------------
------------------------------------------------------------------------------------

Error Nr. 2
At: 2017-05-10 11:30:16
in: main()
Test_Error
------------------------------------------------------------------------------------
------------------------------------------------------------------------------------

Error Nr. 3
At: 2017-05-10 11:30:16
in: main()
Test_Error
------------------------------------------------------------------------------------
------------------------------------------------------------------------------------

Error Nr. 4
At: 2017-05-10 11:30:16
in: main()
Test_Error
------------------------------------------------------------------------------------
------------------------------------------------------------------------------------

Error Nr. 5
At: 2017-05-10 11:30:16
in: main()
Test_Error
------------------------------------------------------------------------------------
------------------------------------------------------------------------------------

Error Nr. 6
At: 2017-05-10 11:30:16
in: main()
Test_Error
------------------------------------------------------------------------------------
------------------------------------------------------------------------------------

Error Nr. 7
At: 2017-05-10 11:30:16
in: main()
Test_Error
------------------------------------------------------------------------------------
------------------------------------------------------------------------------------

Error Nr. 8
At: 2017-05-10 11:30:16
in: main()
Test_Error
------------------------------------------------------------------------------------
------------------------------------------------------------------------------------

Error Nr. 9
At: 2017-05-10 11:30:16
in: main()
Test_Error
------------------------------------------------------------------------------------
------------------------------------------------------------------------------------

Error Nr. 10
At: 2017-05-10 11:30:16
in: main()
Test_Error
------------------------------------------------------------------------------------
------------------------------------------------------------------------------------

Error Nr. 11
At: 2017-05-10 11:30:16
in: main()
Test_Error
------------------------------------------------------------------------------------
------------------------------------------------------------------------------------

Error Nr. 12
At: 2017-05-10 11:30:16
in: main()
Test_Error
------------------------------------------------------------------------------------
------------------------------------------------------------------------------------

Error Nr. 13
At: 2017-05-10 11:30:16
in: main()
Test_Error
------------------------------------------------------------------------------------
------------------------------------------------------------------------------------

Error Nr. 14
At: 2017-05-10 11:30:16
in: main()
Test_Error
------------------------------------------------------------------------------------
------------------------------------------------------------------------------------

Error Nr. 15
At: 2017-05-10 11:30:16
in: main()
Test_Error
------------------------------------------------------------------------------------
------------------------------------------------------------------------------------

Error Nr. 16
At: 2017-05-10 11:30:16
in: main()
Test_Error
------------------------------------------------------------------------------------
------------------------------------------------------------------------------------

Error Nr. 17
At: 2017-05-10 11:30:16
in: main()
Test_Error
------------------------------------------------------------------------------------
------------------------------------------------------------------------------------

Error Nr. 18
At: 2017-05-10 11:30:16
in: main()
Test_Error
------------------------------------------------------------------------------------
------------------------------------------------------------------------------------

Error Nr. 19
At: 2017-05-10 11:30:16
in: main()
Test_Error
------------------------------------------------------------------------------------
------------------------------------------------------------------------------------

