d:\programmieren\graphic_lib\n2b_graphiclib\n2b graphics\n2b_error_log\x64\debug\n2b_error_log.pdb
d:\programmieren\graphic_lib\n2b_graphiclib\n2b graphics\n2b_error_log\x64\debug\n2b_error_log.idb
d:\programmieren\graphic_lib\n2b_graphiclib\n2b graphics\n2b_error_log\x64\debug\vc140.pdb
d:\programmieren\graphic_lib\n2b_graphiclib\n2b graphics\n2b_error_log\x64\debug\vc140.idb
d:\programmieren\graphic_lib\n2b_graphiclib\n2b graphics\n2b_error_log\x64\debug\nb_error_log.obj
d:\programmieren\graphic_lib\n2b_graphiclib\n2b graphics\n2b_error_log\x64\debug\main.obj
d:\programmieren\graphic_lib\n2b_graphiclib\n2b graphics\x64\debug\n2b_error_log.lib
d:\programmieren\graphic_lib\n2b_graphiclib\n2b graphics\x64\debug\n2b_error_log.ilk
d:\programmieren\graphic_lib\n2b_graphiclib\n2b graphics\x64\debug\n2b_error_log.exe
d:\programmieren\graphic_lib\n2b_graphiclib\n2b graphics\x64\debug\lnk{9ea1dc23-a4f4-4ba4-a42c-259e758f90e1}.tmp
d:\programmieren\graphic_lib\n2b_graphiclib\n2b graphics\x64\debug\n2b_error_log.pdb
d:\programmieren\graphic_lib\n2b_graphiclib\n2b graphics\x64\debug\n2b_error_log.exp
d:\programmieren\graphic_lib\n2b_graphiclib\n2b graphics\n2b_error_log\x64\debug\n2b_error_log.tlog\cl.command.1.tlog
d:\programmieren\graphic_lib\n2b_graphiclib\n2b graphics\n2b_error_log\x64\debug\n2b_error_log.tlog\cl.read.1.tlog
d:\programmieren\graphic_lib\n2b_graphiclib\n2b graphics\n2b_error_log\x64\debug\n2b_error_log.tlog\cl.write.1.tlog
d:\programmieren\graphic_lib\n2b_graphiclib\n2b graphics\n2b_error_log\x64\debug\n2b_error_log.tlog\lib-link.read.1.tlog
d:\programmieren\graphic_lib\n2b_graphiclib\n2b graphics\n2b_error_log\x64\debug\n2b_error_log.tlog\lib-link.write.1.tlog
d:\programmieren\graphic_lib\n2b_graphiclib\n2b graphics\n2b_error_log\x64\debug\n2b_error_log.tlog\lib.command.1.tlog
d:\programmieren\graphic_lib\n2b_graphiclib\n2b graphics\n2b_error_log\x64\debug\n2b_error_log.tlog\link.14924.delete.1.tlog
d:\programmieren\graphic_lib\n2b_graphiclib\n2b graphics\n2b_error_log\x64\debug\n2b_error_log.tlog\link.command.1.tlog
d:\programmieren\graphic_lib\n2b_graphiclib\n2b graphics\n2b_error_log\x64\debug\n2b_error_log.tlog\link.delete.1.tlog
d:\programmieren\graphic_lib\n2b_graphiclib\n2b graphics\n2b_error_log\x64\debug\n2b_error_log.tlog\link.read.1.tlog
d:\programmieren\graphic_lib\n2b_graphiclib\n2b graphics\n2b_error_log\x64\debug\n2b_error_log.tlog\link.write.1.tlog
d:\programmieren\graphic_lib\n2b_graphiclib\n2b graphics\n2b_error_log\x64\debug\n2b_error_log.tlog\n2b_error_log.write.1u.tlog
