  Camera.cpp
  NB_Display.cpp
NB_Display.cpp(161): warning C4244: "=": Konvertierung von "double" in "GLfloat", möglicher Datenverlust
NB_Display.cpp(162): warning C4244: "=": Konvertierung von "double" in "GLfloat", möglicher Datenverlust
NB_Display.cpp(163): warning C4244: "=": Konvertierung von "double" in "GLfloat", möglicher Datenverlust
NB_Display.cpp(164): warning C4244: "=": Konvertierung von "double" in "GLfloat", möglicher Datenverlust
NB_Display.cpp(195): warning C4244: "Argument": Konvertierung von "double" in "GLfloat", möglicher Datenverlust
  NB_Light.cpp
  NB_Object.cpp
  NB_Shader.cpp
  NB_Test_Shader.cpp
  main.cpp
main.cpp(36): warning C4305: "Argument": Verkürzung von "double" in "float"
main.cpp(106): warning C4244: "=": Konvertierung von "unsigned __int64" in "float", möglicher Datenverlust
main.cpp(114): warning C4244: "=": Konvertierung von "int" in "float", möglicher Datenverlust
main.cpp(189): warning C4244: "+=": Konvertierung von "double" in "float", möglicher Datenverlust
main.cpp(195): warning C4244: "Argument": Konvertierung von "double" in "float", möglicher Datenverlust
main.cpp(196): warning C4244: "Argument": Konvertierung von "double" in "float", möglicher Datenverlust
  Code wird generiert.
  202 of 2197 functions ( 9.2%) were compiled, the rest were copied from previous compilation.
    0 functions were new in current compilation
    13 functions had inline decision re-evaluated but remain unchanged
  Codegenerierung ist abgeschlossen.
  N2B Graphics.vcxproj -> D:\Programmieren\Graphic_lib\N2B_GraphicLib\N2B Graphics\x64\Release\N2B Graphics.exe
